[0.548s] Invoking command in '/home/atef/ROV 2024/colcon_ws/build/rov_24': CONDA_PROMPT_MODIFIER=(ros2_env) PYTHONPATH=/home/atef/ROV 2024/colcon_ws/build/rov_24/prefix_override:/home/atef/ROV 2024/colcon_ws/install/rov_24/lib/python3.10/site-packages:${PYTHONPATH} /usr/bin/python3 -W ignore:setup.py install is deprecated setup.py develop --editable --build-directory /home/atef/ROV 2024/colcon_ws/build/rov_24/build --no-deps symlink_data
[0.802s] running develop
[0.803s] /usr/lib/python3/dist-packages/setuptools/command/easy_install.py:158: EasyInstallDeprecationWarning: easy_install command is deprecated. Use build and pip and other standards-based tools.
[0.803s]   warnings.warn(
[0.959s] running egg_info
[0.959s] writing rov_24.egg-info/PKG-INFO
[0.959s] writing dependency_links to rov_24.egg-info/dependency_links.txt
[0.959s] writing entry points to rov_24.egg-info/entry_points.txt
[0.959s] writing requirements to rov_24.egg-info/requires.txt
[0.959s] writing top-level names to rov_24.egg-info/top_level.txt
[0.961s] reading manifest file 'rov_24.egg-info/SOURCES.txt'
[0.962s] writing manifest file 'rov_24.egg-info/SOURCES.txt'
[0.963s] running build_ext
[0.963s] Creating /home/atef/ROV 2024/colcon_ws/install/rov_24/lib/python3.10/site-packages/rov-24.egg-link (link to .)
[0.964s] Installing joystick script to /home/atef/ROV 2024/colcon_ws/install/rov_24/lib/rov_24
[0.964s] Installing motion_control script to /home/atef/ROV 2024/colcon_ws/install/rov_24/lib/rov_24
[0.964s] Installing movement_feedback script to /home/atef/ROV 2024/colcon_ws/install/rov_24/lib/rov_24
[0.964s] 
[0.965s] Installed /home/atef/ROV 2024/colcon_ws/build/rov_24
[0.965s] running symlink_data
[0.989s] Invoked command in '/home/atef/ROV 2024/colcon_ws/build/rov_24' returned '0': CONDA_PROMPT_MODIFIER=(ros2_env) PYTHONPATH=/home/atef/ROV 2024/colcon_ws/build/rov_24/prefix_override:/home/atef/ROV 2024/colcon_ws/install/rov_24/lib/python3.10/site-packages:${PYTHONPATH} /usr/bin/python3 -W ignore:setup.py install is deprecated setup.py develop --editable --build-directory /home/atef/ROV 2024/colcon_ws/build/rov_24/build --no-deps symlink_data
