[0.502s] Invoking command in '/home/atef/ROV 2024/colcon_ws/build/rov_24': CONDA_PROMPT_MODIFIER=(ros2_env) PYTHONPATH=/home/atef/ROV 2024/colcon_ws/build/rov_24/prefix_override:/home/atef/ROV 2024/colcon_ws/install/rov_24/lib/python3.10/site-packages:${PYTHONPATH} /usr/bin/python3 -W ignore:setup.py install is deprecated setup.py develop --uninstall --editable --build-directory /home/atef/ROV 2024/colcon_ws/build/rov_24/build
[0.730s] running develop
[0.731s] /usr/lib/python3/dist-packages/setuptools/command/easy_install.py:158: EasyInstallDeprecationWarning: easy_install command is deprecated. Use build and pip and other standards-based tools.
[0.731s]   warnings.warn(
[0.859s] Removing /home/atef/ROV 2024/colcon_ws/install/rov_24/lib/python3.10/site-packages/rov-24.egg-link (link to .)
[0.878s] Invoked command in '/home/atef/ROV 2024/colcon_ws/build/rov_24' returned '0': CONDA_PROMPT_MODIFIER=(ros2_env) PYTHONPATH=/home/atef/ROV 2024/colcon_ws/build/rov_24/prefix_override:/home/atef/ROV 2024/colcon_ws/install/rov_24/lib/python3.10/site-packages:${PYTHONPATH} /usr/bin/python3 -W ignore:setup.py install is deprecated setup.py develop --uninstall --editable --build-directory /home/atef/ROV 2024/colcon_ws/build/rov_24/build
[0.881s] Invoking command in '/home/atef/ROV 2024/colcon_ws/src/rov_24': CONDA_PROMPT_MODIFIER=(ros2_env) PYTHONPATH=/home/atef/ROV 2024/colcon_ws/build/rov_24/prefix_override:/home/atef/ROV 2024/colcon_ws/install/rov_24/lib/python3.10/site-packages:${PYTHONPATH} /usr/bin/python3 -W ignore:setup.py install is deprecated setup.py egg_info --egg-base ../../build/rov_24 build --build-base /home/atef/ROV 2024/colcon_ws/build/rov_24/build install --record /home/atef/ROV 2024/colcon_ws/build/rov_24/install.log --single-version-externally-managed install_data --force
[1.060s] running egg_info
[1.061s] writing ../../build/rov_24/rov_24.egg-info/PKG-INFO
[1.061s] writing dependency_links to ../../build/rov_24/rov_24.egg-info/dependency_links.txt
[1.061s] writing entry points to ../../build/rov_24/rov_24.egg-info/entry_points.txt
[1.061s] writing requirements to ../../build/rov_24/rov_24.egg-info/requires.txt
[1.061s] writing top-level names to ../../build/rov_24/rov_24.egg-info/top_level.txt
[1.062s] reading manifest file '../../build/rov_24/rov_24.egg-info/SOURCES.txt'
[1.070s] writing manifest file '../../build/rov_24/rov_24.egg-info/SOURCES.txt'
[1.070s] running build
[1.071s] running build_py
[1.071s] creating /home/atef/ROV 2024/colcon_ws/build/rov_24/build
[1.071s] creating /home/atef/ROV 2024/colcon_ws/build/rov_24/build/lib
[1.071s] creating /home/atef/ROV 2024/colcon_ws/build/rov_24/build/lib/rov_24
[1.072s] copying rov_24/__init__.py -> /home/atef/ROV 2024/colcon_ws/build/rov_24/build/lib/rov_24
[1.072s] copying rov_24/motion_gripper.py -> /home/atef/ROV 2024/colcon_ws/build/rov_24/build/lib/rov_24
[1.072s] copying rov_24/motion_control.py -> /home/atef/ROV 2024/colcon_ws/build/rov_24/build/lib/rov_24
[1.072s] copying rov_24/bridge1.py -> /home/atef/ROV 2024/colcon_ws/build/rov_24/build/lib/rov_24
[1.072s] copying rov_24/bridge.py -> /home/atef/ROV 2024/colcon_ws/build/rov_24/build/lib/rov_24
[1.072s] copying rov_24/stabilization.py -> /home/atef/ROV 2024/colcon_ws/build/rov_24/build/lib/rov_24
[1.072s] copying rov_24/movement_feedback.py -> /home/atef/ROV 2024/colcon_ws/build/rov_24/build/lib/rov_24
[1.072s] copying rov_24/joystick.py -> /home/atef/ROV 2024/colcon_ws/build/rov_24/build/lib/rov_24
[1.072s] running install
[1.072s] running install_lib
[1.072s] creating /home/atef/ROV 2024/colcon_ws/install/rov_24/lib/python3.10/site-packages/rov_24
[1.072s] copying /home/atef/ROV 2024/colcon_ws/build/rov_24/build/lib/rov_24/__init__.py -> /home/atef/ROV 2024/colcon_ws/install/rov_24/lib/python3.10/site-packages/rov_24
[1.072s] copying /home/atef/ROV 2024/colcon_ws/build/rov_24/build/lib/rov_24/motion_gripper.py -> /home/atef/ROV 2024/colcon_ws/install/rov_24/lib/python3.10/site-packages/rov_24
[1.072s] copying /home/atef/ROV 2024/colcon_ws/build/rov_24/build/lib/rov_24/motion_control.py -> /home/atef/ROV 2024/colcon_ws/install/rov_24/lib/python3.10/site-packages/rov_24
[1.073s] copying /home/atef/ROV 2024/colcon_ws/build/rov_24/build/lib/rov_24/bridge1.py -> /home/atef/ROV 2024/colcon_ws/install/rov_24/lib/python3.10/site-packages/rov_24
[1.073s] copying /home/atef/ROV 2024/colcon_ws/build/rov_24/build/lib/rov_24/bridge.py -> /home/atef/ROV 2024/colcon_ws/install/rov_24/lib/python3.10/site-packages/rov_24
[1.073s] copying /home/atef/ROV 2024/colcon_ws/build/rov_24/build/lib/rov_24/stabilization.py -> /home/atef/ROV 2024/colcon_ws/install/rov_24/lib/python3.10/site-packages/rov_24
[1.073s] copying /home/atef/ROV 2024/colcon_ws/build/rov_24/build/lib/rov_24/movement_feedback.py -> /home/atef/ROV 2024/colcon_ws/install/rov_24/lib/python3.10/site-packages/rov_24
[1.073s] copying /home/atef/ROV 2024/colcon_ws/build/rov_24/build/lib/rov_24/joystick.py -> /home/atef/ROV 2024/colcon_ws/install/rov_24/lib/python3.10/site-packages/rov_24
[1.073s] byte-compiling /home/atef/ROV 2024/colcon_ws/install/rov_24/lib/python3.10/site-packages/rov_24/__init__.py to __init__.cpython-310.pyc
[1.073s] byte-compiling /home/atef/ROV 2024/colcon_ws/install/rov_24/lib/python3.10/site-packages/rov_24/motion_gripper.py to motion_gripper.cpython-310.pyc
[1.073s] byte-compiling /home/atef/ROV 2024/colcon_ws/install/rov_24/lib/python3.10/site-packages/rov_24/motion_control.py to motion_control.cpython-310.pyc
[1.074s] byte-compiling /home/atef/ROV 2024/colcon_ws/install/rov_24/lib/python3.10/site-packages/rov_24/bridge1.py to bridge1.cpython-310.pyc
[1.074s] byte-compiling /home/atef/ROV 2024/colcon_ws/install/rov_24/lib/python3.10/site-packages/rov_24/bridge.py to bridge.cpython-310.pyc
[1.075s] byte-compiling /home/atef/ROV 2024/colcon_ws/install/rov_24/lib/python3.10/site-packages/rov_24/stabilization.py to stabilization.cpython-310.pyc
[1.075s] byte-compiling /home/atef/ROV 2024/colcon_ws/install/rov_24/lib/python3.10/site-packages/rov_24/movement_feedback.py to movement_feedback.cpython-310.pyc
[1.077s] byte-compiling /home/atef/ROV 2024/colcon_ws/install/rov_24/lib/python3.10/site-packages/rov_24/joystick.py to joystick.cpython-310.pyc
[1.078s] running install_data
[1.078s] copying resource/rov_24 -> /home/atef/ROV 2024/colcon_ws/install/rov_24/share/ament_index/resource_index/packages
[1.078s] copying package.xml -> /home/atef/ROV 2024/colcon_ws/install/rov_24/share/rov_24
[1.078s] copying launch/launch_file.launch.py -> /home/atef/ROV 2024/colcon_ws/install/rov_24/share/rov_24/launch
[1.078s] running install_egg_info
[1.080s] Copying ../../build/rov_24/rov_24.egg-info to /home/atef/ROV 2024/colcon_ws/install/rov_24/lib/python3.10/site-packages/rov_24-0.0.0-py3.10.egg-info
[1.080s] running install_scripts
[1.095s] Installing bridge script to /home/atef/ROV 2024/colcon_ws/install/rov_24/lib/rov_24
[1.095s] Installing joystick script to /home/atef/ROV 2024/colcon_ws/install/rov_24/lib/rov_24
[1.095s] Installing motion_control script to /home/atef/ROV 2024/colcon_ws/install/rov_24/lib/rov_24
[1.095s] Installing movement_feedback script to /home/atef/ROV 2024/colcon_ws/install/rov_24/lib/rov_24
[1.095s] writing list of installed files to '/home/atef/ROV 2024/colcon_ws/build/rov_24/install.log'
[1.111s] Invoked command in '/home/atef/ROV 2024/colcon_ws/src/rov_24' returned '0': CONDA_PROMPT_MODIFIER=(ros2_env) PYTHONPATH=/home/atef/ROV 2024/colcon_ws/build/rov_24/prefix_override:/home/atef/ROV 2024/colcon_ws/install/rov_24/lib/python3.10/site-packages:${PYTHONPATH} /usr/bin/python3 -W ignore:setup.py install is deprecated setup.py egg_info --egg-base ../../build/rov_24 build --build-base /home/atef/ROV 2024/colcon_ws/build/rov_24/build install --record /home/atef/ROV 2024/colcon_ws/build/rov_24/install.log --single-version-externally-managed install_data --force
