-- The C compiler identification is GNU 11.4.0
-- The CXX compiler identification is GNU 11.4.0
-- Detecting C compiler ABI info
-- Detecting C compiler ABI info - done
-- Check for working C compiler: /usr/bin/cc - skipped
-- Detecting C compile features
-- Detecting C compile features - done
-- Detecting CXX compiler ABI info
-- Detecting CXX compiler ABI info - done
-- Check for working CXX compiler: /usr/bin/c++ - skipped
-- Detecting CXX compile features
-- Detecting CXX compile features - done
-- Found rmw: 6.1.1 (/opt/ros/humble/share/rmw/cmake)
-- Found Python3: /home/atef/anaconda3/bin/python3 (found version "3.11.5") found components: Interpreter 
-- Override CMake install command with custom implementation using symlinks instead of copying resources
-- Found rclcpp: 16.0.8 (/opt/ros/humble/share/rclcpp/cmake)
-- Found rosidl_generator_c: 3.1.5 (/opt/ros/humble/share/rosidl_generator_c/cmake)
-- Found rosidl_adapter: 3.1.5 (/opt/ros/humble/share/rosidl_adapter/cmake)
-- Found rosidl_generator_cpp: 3.1.5 (/opt/ros/humble/share/rosidl_generator_cpp/cmake)
-- Using all available rosidl_typesupport_c: rosidl_typesupport_fastrtps_c;rosidl_typesupport_introspection_c
-- Using all available rosidl_typesupport_cpp: rosidl_typesupport_fastrtps_cpp;rosidl_typesupport_introspection_cpp
-- Found rmw_implementation_cmake: 6.1.1 (/opt/ros/humble/share/rmw_implementation_cmake/cmake)
-- Found rmw_fastrtps_cpp: 6.2.6 (/opt/ros/humble/share/rmw_fastrtps_cpp/cmake)
-- Found OpenSSL: /usr/lib/x86_64-linux-gnu/libcrypto.so (found version "3.0.2")  
-- Found FastRTPS: /opt/ros/humble/include  
-- Using RMW implementation 'rmw_fastrtps_cpp' as default
-- Looking for pthread.h
-- Looking for pthread.h - found
-- Performing Test CMAKE_HAVE_LIBC_PTHREAD
-- Performing Test CMAKE_HAVE_LIBC_PTHREAD - Success
-- Found Threads: TRUE  
-- Found PkgConfig: /usr/bin/pkg-config (found version "0.29.2") 
-- Checking for module 'roscpp'
--   No package 'roscpp' found
[33mCMake Warning at CMakeLists.txt:36 (message):
  Failed to find ROS 1 roscpp, skipping...

[0m
Traceback (most recent call last):
  File "/opt/ros/humble/share/ament_cmake_core/cmake/core/package_xml_2_cmake.py", line 22, in <module>
    from catkin_pkg.package import parse_package_string
ModuleNotFoundError: No module named 'catkin_pkg'
[31mCMake Error at /opt/ros/humble/share/ament_cmake_core/cmake/core/ament_package_xml.cmake:95 (message):
  execute_process(/home/atef/anaconda3/bin/python3
  /opt/ros/humble/share/ament_cmake_core/cmake/core/package_xml_2_cmake.py
  /home/atef/ROV 2024/colcon_ws/src/ros1_bridge/package.xml /home/atef/ROV
  2024/colcon_ws/build/ros1_bridge/ament_cmake_core/package.cmake) returned
  error code 1
Call Stack (most recent call first):
  /opt/ros/humble/share/ament_cmake_core/cmake/core/ament_package_xml.cmake:49 (_ament_package_xml)
  /opt/ros/humble/share/ament_cmake_core/cmake/core/ament_package.cmake:63 (ament_package_xml)
  CMakeLists.txt:39 (ament_package)

[0m
-- Configuring incomplete, errors occurred!
See also "/home/atef/ROV 2024/colcon_ws/build/ros1_bridge/CMakeFiles/CMakeOutput.log".
