[0.010s] Invoking command in '/home/atef/ROV 2024/colcon_ws/build/ros1_bridge': CMAKE_PREFIX_PATH=/home/atef/ROV 2024/colcon_ws/install/rov_24:/opt/ros/humble CONDA_PROMPT_MODIFIER=(base) /usr/bin/cmake /home/atef/ROV 2024/colcon_ws/src/ros1_bridge -DAMENT_CMAKE_SYMLINK_INSTALL=1 -DCMAKE_INSTALL_PREFIX=/home/atef/ROV 2024/colcon_ws/install/ros1_bridge
[0.078s] -- The C compiler identification is GNU 11.4.0
[0.128s] -- The CXX compiler identification is GNU 11.4.0
[0.135s] -- Detecting C compiler ABI info
[0.177s] -- Detecting C compiler ABI info - done
[0.182s] -- Check for working C compiler: /usr/bin/cc - skipped
[0.182s] -- Detecting C compile features
[0.182s] -- Detecting C compile features - done
[0.185s] -- Detecting CXX compiler ABI info
[0.230s] -- Detecting CXX compiler ABI info - done
[0.235s] -- Check for working CXX compiler: /usr/bin/c++ - skipped
[0.235s] -- Detecting CXX compile features
[0.235s] -- Detecting CXX compile features - done
[0.237s] -- Found rmw: 6.1.1 (/opt/ros/humble/share/rmw/cmake)
[0.453s] -- Found Python3: /home/atef/anaconda3/bin/python3 (found version "3.11.5") found components: Interpreter 
[0.498s] -- Override CMake install command with custom implementation using symlinks instead of copying resources
[0.534s] -- Found rclcpp: 16.0.8 (/opt/ros/humble/share/rclcpp/cmake)
[0.553s] -- Found rosidl_generator_c: 3.1.5 (/opt/ros/humble/share/rosidl_generator_c/cmake)
[0.557s] -- Found rosidl_adapter: 3.1.5 (/opt/ros/humble/share/rosidl_adapter/cmake)
[0.563s] -- Found rosidl_generator_cpp: 3.1.5 (/opt/ros/humble/share/rosidl_generator_cpp/cmake)
[0.570s] -- Using all available rosidl_typesupport_c: rosidl_typesupport_fastrtps_c;rosidl_typesupport_introspection_c
[0.584s] -- Using all available rosidl_typesupport_cpp: rosidl_typesupport_fastrtps_cpp;rosidl_typesupport_introspection_cpp
[0.633s] -- Found rmw_implementation_cmake: 6.1.1 (/opt/ros/humble/share/rmw_implementation_cmake/cmake)
[0.635s] -- Found rmw_fastrtps_cpp: 6.2.6 (/opt/ros/humble/share/rmw_fastrtps_cpp/cmake)
[0.699s] -- Found OpenSSL: /usr/lib/x86_64-linux-gnu/libcrypto.so (found version "3.0.2")  
[0.716s] -- Found FastRTPS: /opt/ros/humble/include  
[0.745s] -- Using RMW implementation 'rmw_fastrtps_cpp' as default
[0.753s] -- Looking for pthread.h
[0.800s] -- Looking for pthread.h - found
[0.800s] -- Performing Test CMAKE_HAVE_LIBC_PTHREAD
[0.858s] -- Performing Test CMAKE_HAVE_LIBC_PTHREAD - Success
[0.859s] -- Found Threads: TRUE  
[0.968s] -- Found PkgConfig: /usr/bin/pkg-config (found version "0.29.2") 
[0.971s] -- Checking for module 'roscpp'
[0.972s] --   No package 'roscpp' found
[0.972s] [33mCMake Warning at CMakeLists.txt:36 (message):
[0.973s]   Failed to find ROS 1 roscpp, skipping...
[0.973s] 
[0.973s] [0m
[0.987s] Traceback (most recent call last):
[0.987s]   File "/opt/ros/humble/share/ament_cmake_core/cmake/core/package_xml_2_cmake.py", line 22, in <module>
[0.987s]     from catkin_pkg.package import parse_package_string
[0.987s] ModuleNotFoundError: No module named 'catkin_pkg'
[0.989s] [31mCMake Error at /opt/ros/humble/share/ament_cmake_core/cmake/core/ament_package_xml.cmake:95 (message):
[0.989s]   execute_process(/home/atef/anaconda3/bin/python3
[0.989s]   /opt/ros/humble/share/ament_cmake_core/cmake/core/package_xml_2_cmake.py
[0.989s]   /home/atef/ROV 2024/colcon_ws/src/ros1_bridge/package.xml /home/atef/ROV
[0.989s]   2024/colcon_ws/build/ros1_bridge/ament_cmake_core/package.cmake) returned
[0.989s]   error code 1
[0.989s] Call Stack (most recent call first):
[0.989s]   /opt/ros/humble/share/ament_cmake_core/cmake/core/ament_package_xml.cmake:49 (_ament_package_xml)
[0.989s]   /opt/ros/humble/share/ament_cmake_core/cmake/core/ament_package.cmake:63 (ament_package_xml)
[0.989s]   CMakeLists.txt:39 (ament_package)
[0.989s] 
[0.989s] [0m
[0.989s] -- Configuring incomplete, errors occurred!
[0.989s] See also "/home/atef/ROV 2024/colcon_ws/build/ros1_bridge/CMakeFiles/CMakeOutput.log".
[0.995s] Invoked command in '/home/atef/ROV 2024/colcon_ws/build/ros1_bridge' returned '1': CMAKE_PREFIX_PATH=/home/atef/ROV 2024/colcon_ws/install/rov_24:/opt/ros/humble CONDA_PROMPT_MODIFIER=(base) /usr/bin/cmake /home/atef/ROV 2024/colcon_ws/src/ros1_bridge -DAMENT_CMAKE_SYMLINK_INSTALL=1 -DCMAKE_INSTALL_PREFIX=/home/atef/ROV 2024/colcon_ws/install/ros1_bridge
