[0.296s] Invoking command in '/home/atef/ROV 2024/colcon_ws/build/rov_24': CONDA_PROMPT_MODIFIER=(base) PYTHONPATH=/home/atef/ROV 2024/colcon_ws/build/rov_24/prefix_override:/home/atef/ROV 2024/colcon_ws/install/rov_24/lib/python3.10/site-packages: /usr/bin/python3 -W ignore:setup.py install is deprecated setup.py develop --editable --build-directory /home/atef/ROV 2024/colcon_ws/build/rov_24/build --no-deps symlink_data
[0.420s] running develop
[0.429s] /usr/lib/python3/dist-packages/setuptools/command/easy_install.py:158: EasyInstallDeprecationWarning: easy_install command is deprecated. Use build and pip and other standards-based tools.
[0.429s]   warnings.warn(
[0.486s] running egg_info
[0.486s] creating rov_24.egg-info
[0.486s] writing rov_24.egg-info/PKG-INFO
[0.486s] writing dependency_links to rov_24.egg-info/dependency_links.txt
[0.486s] writing entry points to rov_24.egg-info/entry_points.txt
[0.486s] writing requirements to rov_24.egg-info/requires.txt
[0.486s] writing top-level names to rov_24.egg-info/top_level.txt
[0.486s] writing manifest file 'rov_24.egg-info/SOURCES.txt'
[0.487s] reading manifest file 'rov_24.egg-info/SOURCES.txt'
[0.487s] writing manifest file 'rov_24.egg-info/SOURCES.txt'
[0.488s] running build_ext
[0.488s] Creating /home/atef/ROV 2024/colcon_ws/install/rov_24/lib/python3.10/site-packages/rov-24.egg-link (link to .)
[0.488s] Installing joystick script to /home/atef/ROV 2024/colcon_ws/install/rov_24/lib/rov_24
[0.488s] Installing motion_control script to /home/atef/ROV 2024/colcon_ws/install/rov_24/lib/rov_24
[0.488s] Installing movement_feedback script to /home/atef/ROV 2024/colcon_ws/install/rov_24/lib/rov_24
[0.488s] 
[0.488s] Installed /home/atef/ROV 2024/colcon_ws/build/rov_24
[0.488s] running symlink_data
[0.488s] creating /home/atef/ROV 2024/colcon_ws/install/rov_24/share/ament_index
[0.489s] creating /home/atef/ROV 2024/colcon_ws/install/rov_24/share/ament_index/resource_index
[0.489s] creating /home/atef/ROV 2024/colcon_ws/install/rov_24/share/ament_index/resource_index/packages
[0.489s] symbolically linking /home/atef/ROV 2024/colcon_ws/build/rov_24/resource/rov_24 -> /home/atef/ROV 2024/colcon_ws/install/rov_24/share/ament_index/resource_index/packages
[0.489s] symbolically linking /home/atef/ROV 2024/colcon_ws/build/rov_24/package.xml -> /home/atef/ROV 2024/colcon_ws/install/rov_24/share/rov_24
[0.489s] creating /home/atef/ROV 2024/colcon_ws/install/rov_24/share/rov_24/config
[0.489s] creating /home/atef/ROV 2024/colcon_ws/install/rov_24/share/rov_24/launch
[0.489s] symbolically linking /home/atef/ROV 2024/colcon_ws/build/rov_24/launch/launch_file.launch.py -> /home/atef/ROV 2024/colcon_ws/install/rov_24/share/rov_24/launch
[0.502s] Invoked command in '/home/atef/ROV 2024/colcon_ws/build/rov_24' returned '0': CONDA_PROMPT_MODIFIER=(base) PYTHONPATH=/home/atef/ROV 2024/colcon_ws/build/rov_24/prefix_override:/home/atef/ROV 2024/colcon_ws/install/rov_24/lib/python3.10/site-packages: /usr/bin/python3 -W ignore:setup.py install is deprecated setup.py develop --editable --build-directory /home/atef/ROV 2024/colcon_ws/build/rov_24/build --no-deps symlink_data
