[0.013s] Invoking command in '/home/atef/ROV 2024/colcon_ws/build/ros1_bridge': CMAKE_PREFIX_PATH=${CMAKE_PREFIX_PATH}:/home/atef/ROV 2024/colcon_ws/install/rov_24:/opt/ros/humble CONDA_PROMPT_MODIFIER=(ros2_env) /usr/bin/cmake /home/atef/ROV 2024/colcon_ws/src/ros1_bridge -DCMAKE_INSTALL_PREFIX=/home/atef/ROV 2024/colcon_ws/install/ros1_bridge
[0.024s] -- Found rmw: 6.1.1 (/opt/ros/humble/share/rmw/cmake)
[0.141s] -- Override CMake install command with custom implementation using symlinks instead of copying resources
[0.160s] -- Found rclcpp: 16.0.8 (/opt/ros/humble/share/rclcpp/cmake)
[0.171s] -- Found rosidl_generator_c: 3.1.5 (/opt/ros/humble/share/rosidl_generator_c/cmake)
[0.174s] -- Found rosidl_adapter: 3.1.5 (/opt/ros/humble/share/rosidl_adapter/cmake)
[0.178s] -- Found rosidl_generator_cpp: 3.1.5 (/opt/ros/humble/share/rosidl_generator_cpp/cmake)
[0.185s] -- Using all available rosidl_typesupport_c: rosidl_typesupport_fastrtps_c;rosidl_typesupport_introspection_c
[0.198s] -- Using all available rosidl_typesupport_cpp: rosidl_typesupport_fastrtps_cpp;rosidl_typesupport_introspection_cpp
[0.247s] -- Found rmw_implementation_cmake: 6.1.1 (/opt/ros/humble/share/rmw_implementation_cmake/cmake)
[0.248s] -- Found rmw_fastrtps_cpp: 6.2.6 (/opt/ros/humble/share/rmw_fastrtps_cpp/cmake)
[0.358s] -- Using RMW implementation 'rmw_fastrtps_cpp' as default
[0.500s] -- Checking for module 'roscpp'
[0.502s] --   No package 'roscpp' found
[0.503s] [33mCMake Warning at CMakeLists.txt:36 (message):
[0.503s]   Failed to find ROS 1 roscpp, skipping...
[0.503s] 
[0.503s] [0m
[0.589s] -- Configuring done
[0.593s] -- Generating done
[0.594s] -- Build files have been written to: /home/atef/ROV 2024/colcon_ws/build/ros1_bridge
[0.601s] Invoked command in '/home/atef/ROV 2024/colcon_ws/build/ros1_bridge' returned '0': CMAKE_PREFIX_PATH=${CMAKE_PREFIX_PATH}:/home/atef/ROV 2024/colcon_ws/install/rov_24:/opt/ros/humble CONDA_PROMPT_MODIFIER=(ros2_env) /usr/bin/cmake /home/atef/ROV 2024/colcon_ws/src/ros1_bridge -DCMAKE_INSTALL_PREFIX=/home/atef/ROV 2024/colcon_ws/install/ros1_bridge
[0.604s] Invoking command in '/home/atef/ROV 2024/colcon_ws/build/ros1_bridge': CMAKE_PREFIX_PATH=${CMAKE_PREFIX_PATH}:/home/atef/ROV 2024/colcon_ws/install/rov_24:/opt/ros/humble CONDA_PROMPT_MODIFIER=(ros2_env) /usr/bin/cmake --build /home/atef/ROV 2024/colcon_ws/build/ros1_bridge -- -j16 -l16
[0.645s] Invoked command in '/home/atef/ROV 2024/colcon_ws/build/ros1_bridge' returned '0': CMAKE_PREFIX_PATH=${CMAKE_PREFIX_PATH}:/home/atef/ROV 2024/colcon_ws/install/rov_24:/opt/ros/humble CONDA_PROMPT_MODIFIER=(ros2_env) /usr/bin/cmake --build /home/atef/ROV 2024/colcon_ws/build/ros1_bridge -- -j16 -l16
[0.678s] Invoking command in '/home/atef/ROV 2024/colcon_ws/build/ros1_bridge': CMAKE_PREFIX_PATH=${CMAKE_PREFIX_PATH}:/home/atef/ROV 2024/colcon_ws/install/rov_24:/opt/ros/humble CONDA_PROMPT_MODIFIER=(ros2_env) /usr/bin/cmake --install /home/atef/ROV 2024/colcon_ws/build/ros1_bridge
[0.684s] -- Install configuration: ""
[0.684s] -- Execute custom install script
[0.685s] -- Up-to-date symlink: /home/atef/ROV 2024/colcon_ws/install/ros1_bridge/share/ament_index/resource_index/package_run_dependencies/ros1_bridge
[0.685s] -- Up-to-date symlink: /home/atef/ROV 2024/colcon_ws/install/ros1_bridge/share/ament_index/resource_index/parent_prefix_path/ros1_bridge
[0.685s] -- Up-to-date symlink: /home/atef/ROV 2024/colcon_ws/install/ros1_bridge/share/ros1_bridge/environment/ament_prefix_path.sh
[0.685s] -- Up-to-date symlink: /home/atef/ROV 2024/colcon_ws/install/ros1_bridge/share/ros1_bridge/environment/ament_prefix_path.dsv
[0.685s] -- Up-to-date symlink: /home/atef/ROV 2024/colcon_ws/install/ros1_bridge/share/ros1_bridge/environment/path.sh
[0.685s] -- Up-to-date symlink: /home/atef/ROV 2024/colcon_ws/install/ros1_bridge/share/ros1_bridge/environment/path.dsv
[0.685s] -- Up-to-date symlink: /home/atef/ROV 2024/colcon_ws/install/ros1_bridge/share/ros1_bridge/local_setup.bash
[0.685s] -- Up-to-date symlink: /home/atef/ROV 2024/colcon_ws/install/ros1_bridge/share/ros1_bridge/local_setup.sh
[0.686s] -- Up-to-date symlink: /home/atef/ROV 2024/colcon_ws/install/ros1_bridge/share/ros1_bridge/local_setup.zsh
[0.686s] -- Up-to-date symlink: /home/atef/ROV 2024/colcon_ws/install/ros1_bridge/share/ros1_bridge/local_setup.dsv
[0.686s] -- Symlinking: /home/atef/ROV 2024/colcon_ws/install/ros1_bridge/share/ros1_bridge/package.dsv
[0.694s] -- Up-to-date symlink: /home/atef/ROV 2024/colcon_ws/install/ros1_bridge/share/ament_index/resource_index/packages/ros1_bridge
[0.694s] -- Up-to-date symlink: /home/atef/ROV 2024/colcon_ws/install/ros1_bridge/share/ros1_bridge/cmake/find_ros1_package.cmake
[0.694s] -- Up-to-date symlink: /home/atef/ROV 2024/colcon_ws/install/ros1_bridge/share/ros1_bridge/cmake/find_ros1_interface_packages.cmake
[0.694s] -- Up-to-date symlink: /home/atef/ROV 2024/colcon_ws/install/ros1_bridge/share/ros1_bridge/cmake/ros1_bridgeConfig.cmake
[0.695s] -- Up-to-date symlink: /home/atef/ROV 2024/colcon_ws/install/ros1_bridge/share/ros1_bridge/cmake/ros1_bridgeConfig-version.cmake
[0.695s] -- Up-to-date symlink: /home/atef/ROV 2024/colcon_ws/install/ros1_bridge/share/ros1_bridge/package.xml
[0.697s] Invoked command in '/home/atef/ROV 2024/colcon_ws/build/ros1_bridge' returned '0': CMAKE_PREFIX_PATH=${CMAKE_PREFIX_PATH}:/home/atef/ROV 2024/colcon_ws/install/rov_24:/opt/ros/humble CONDA_PROMPT_MODIFIER=(ros2_env) /usr/bin/cmake --install /home/atef/ROV 2024/colcon_ws/build/ros1_bridge
