[0.029s] Invoking command in '/home/atef/ROV 2024/build/bridge': CONDA_PROMPT_MODIFIER=(ros2_env) /usr/bin/cmake /home/atef/ROV 2024/catkin_ws/src/bridge -DCATKIN_INSTALL_INTO_PREFIX_ROOT=0 -DCMAKE_INSTALL_PREFIX=/home/atef/ROV 2024/install/bridge
[0.135s] -- The C compiler identification is GNU 11.4.0
[0.223s] -- The CXX compiler identification is GNU 11.4.0
[0.237s] -- Detecting C compiler ABI info
[0.315s] -- Detecting C compiler ABI info - done
[0.335s] -- Check for working C compiler: /usr/bin/cc - skipped
[0.335s] -- Detecting C compile features
[0.336s] -- Detecting C compile features - done
[0.344s] -- Detecting CXX compiler ABI info
[0.434s] -- Detecting CXX compiler ABI info - done
[0.445s] -- Check for working CXX compiler: /usr/bin/c++ - skipped
[0.445s] -- Detecting CXX compile features
[0.446s] -- Detecting CXX compile features - done
[0.459s] [31mCMake Error at CMakeLists.txt:10 (find_package):
[0.459s]   By not providing "Findcatkin.cmake" in CMAKE_MODULE_PATH this project has
[0.459s]   asked CMake to find a package configuration file provided by "catkin", but
[0.459s]   CMake did not find one.
[0.459s] 
[0.459s]   Could not find a package configuration file provided by "catkin" with any
[0.459s]   of the following names:
[0.459s] 
[0.459s]     catkinConfig.cmake
[0.459s]     catkin-config.cmake
[0.459s] 
[0.460s]   Add the installation prefix of "catkin" to CMAKE_PREFIX_PATH or set
[0.460s]   "catkin_DIR" to a directory containing one of the above files.  If "catkin"
[0.460s]   provides a separate development package or SDK, be sure it has been
[0.460s]   installed.
[0.460s] 
[0.460s] [0m
[0.461s] -- Configuring incomplete, errors occurred!
[0.461s] See also "/home/atef/ROV 2024/build/bridge/CMakeFiles/CMakeOutput.log".
[0.465s] Invoked command in '/home/atef/ROV 2024/build/bridge' returned '1': CONDA_PROMPT_MODIFIER=(ros2_env) /usr/bin/cmake /home/atef/ROV 2024/catkin_ws/src/bridge -DCATKIN_INSTALL_INTO_PREFIX_ROOT=0 -DCMAKE_INSTALL_PREFIX=/home/atef/ROV 2024/install/bridge
