[0.370s] Invoking command in '/home/atef/ROV 2024/colcon_ws/build/rov_24': CONDA_PROMPT_MODIFIER=(base) PYTHONPATH=/home/atef/ROV 2024/colcon_ws/build/rov_24/prefix_override:/home/atef/ROV 2024/colcon_ws/install/rov_24/lib/python3.10/site-packages:${PYTHONPATH} /usr/bin/python3 -W ignore:setup.py install is deprecated setup.py develop --uninstall --editable --build-directory /home/atef/ROV 2024/colcon_ws/build/rov_24/build
[0.524s] running develop
[0.524s] /usr/lib/python3/dist-packages/setuptools/command/easy_install.py:158: EasyInstallDeprecationWarning: easy_install command is deprecated. Use build and pip and other standards-based tools.
[0.525s]   warnings.warn(
[0.625s] Removing /home/atef/ROV 2024/colcon_ws/install/rov_24/lib/python3.10/site-packages/rov-24.egg-link (link to .)
[0.642s] Invoked command in '/home/atef/ROV 2024/colcon_ws/build/rov_24' returned '0': CONDA_PROMPT_MODIFIER=(base) PYTHONPATH=/home/atef/ROV 2024/colcon_ws/build/rov_24/prefix_override:/home/atef/ROV 2024/colcon_ws/install/rov_24/lib/python3.10/site-packages:${PYTHONPATH} /usr/bin/python3 -W ignore:setup.py install is deprecated setup.py develop --uninstall --editable --build-directory /home/atef/ROV 2024/colcon_ws/build/rov_24/build
[0.643s] Invoking command in '/home/atef/ROV 2024/colcon_ws/src/rov_24': CONDA_PROMPT_MODIFIER=(base) PYTHONPATH=/home/atef/ROV 2024/colcon_ws/build/rov_24/prefix_override:/home/atef/ROV 2024/colcon_ws/install/rov_24/lib/python3.10/site-packages:${PYTHONPATH} /usr/bin/python3 -W ignore:setup.py install is deprecated setup.py egg_info --egg-base ../../build/rov_24 build --build-base /home/atef/ROV 2024/colcon_ws/build/rov_24/build install --record /home/atef/ROV 2024/colcon_ws/build/rov_24/install.log --single-version-externally-managed install_data --force
[0.781s] running egg_info
[0.781s] writing ../../build/rov_24/rov_24.egg-info/PKG-INFO
[0.781s] writing dependency_links to ../../build/rov_24/rov_24.egg-info/dependency_links.txt
[0.781s] writing entry points to ../../build/rov_24/rov_24.egg-info/entry_points.txt
[0.781s] writing requirements to ../../build/rov_24/rov_24.egg-info/requires.txt
[0.781s] writing top-level names to ../../build/rov_24/rov_24.egg-info/top_level.txt
[0.782s] reading manifest file '../../build/rov_24/rov_24.egg-info/SOURCES.txt'
[0.790s] writing manifest file '../../build/rov_24/rov_24.egg-info/SOURCES.txt'
[0.790s] running build
[0.790s] running build_py
[0.790s] copying rov_24/motion_control.py -> /home/atef/ROV 2024/colcon_ws/build/rov_24/build/lib/rov_24
[0.790s] copying rov_24/pilot_interface.py -> /home/atef/ROV 2024/colcon_ws/build/rov_24/build/lib/rov_24
[0.790s] copying rov_24/bridge.py -> /home/atef/ROV 2024/colcon_ws/build/rov_24/build/lib/rov_24
[0.790s] copying rov_24/copilot_interface.py -> /home/atef/ROV 2024/colcon_ws/build/rov_24/build/lib/rov_24
[0.790s] copying rov_24/movement_feedback.py -> /home/atef/ROV 2024/colcon_ws/build/rov_24/build/lib/rov_24
[0.790s] copying rov_24/joystick.py -> /home/atef/ROV 2024/colcon_ws/build/rov_24/build/lib/rov_24
[0.790s] running install
[0.791s] running install_lib
[0.791s] creating /home/atef/ROV 2024/colcon_ws/install/rov_24/lib/python3.10/site-packages/rov_24
[0.791s] copying /home/atef/ROV 2024/colcon_ws/build/rov_24/build/lib/rov_24/__init__.py -> /home/atef/ROV 2024/colcon_ws/install/rov_24/lib/python3.10/site-packages/rov_24
[0.791s] copying /home/atef/ROV 2024/colcon_ws/build/rov_24/build/lib/rov_24/motion_gripper.py -> /home/atef/ROV 2024/colcon_ws/install/rov_24/lib/python3.10/site-packages/rov_24
[0.791s] copying /home/atef/ROV 2024/colcon_ws/build/rov_24/build/lib/rov_24/motion_control.py -> /home/atef/ROV 2024/colcon_ws/install/rov_24/lib/python3.10/site-packages/rov_24
[0.791s] copying /home/atef/ROV 2024/colcon_ws/build/rov_24/build/lib/rov_24/bridge1.py -> /home/atef/ROV 2024/colcon_ws/install/rov_24/lib/python3.10/site-packages/rov_24
[0.791s] copying /home/atef/ROV 2024/colcon_ws/build/rov_24/build/lib/rov_24/pilot_interface.py -> /home/atef/ROV 2024/colcon_ws/install/rov_24/lib/python3.10/site-packages/rov_24
[0.791s] copying /home/atef/ROV 2024/colcon_ws/build/rov_24/build/lib/rov_24/bridge.py -> /home/atef/ROV 2024/colcon_ws/install/rov_24/lib/python3.10/site-packages/rov_24
[0.791s] copying /home/atef/ROV 2024/colcon_ws/build/rov_24/build/lib/rov_24/stabilization.py -> /home/atef/ROV 2024/colcon_ws/install/rov_24/lib/python3.10/site-packages/rov_24
[0.791s] copying /home/atef/ROV 2024/colcon_ws/build/rov_24/build/lib/rov_24/copilot_interface.py -> /home/atef/ROV 2024/colcon_ws/install/rov_24/lib/python3.10/site-packages/rov_24
[0.791s] copying /home/atef/ROV 2024/colcon_ws/build/rov_24/build/lib/rov_24/movement_feedback.py -> /home/atef/ROV 2024/colcon_ws/install/rov_24/lib/python3.10/site-packages/rov_24
[0.791s] copying /home/atef/ROV 2024/colcon_ws/build/rov_24/build/lib/rov_24/joystick.py -> /home/atef/ROV 2024/colcon_ws/install/rov_24/lib/python3.10/site-packages/rov_24
[0.792s] byte-compiling /home/atef/ROV 2024/colcon_ws/install/rov_24/lib/python3.10/site-packages/rov_24/__init__.py to __init__.cpython-310.pyc
[0.792s] byte-compiling /home/atef/ROV 2024/colcon_ws/install/rov_24/lib/python3.10/site-packages/rov_24/motion_gripper.py to motion_gripper.cpython-310.pyc
[0.792s] byte-compiling /home/atef/ROV 2024/colcon_ws/install/rov_24/lib/python3.10/site-packages/rov_24/motion_control.py to motion_control.cpython-310.pyc
[0.792s] byte-compiling /home/atef/ROV 2024/colcon_ws/install/rov_24/lib/python3.10/site-packages/rov_24/bridge1.py to bridge1.cpython-310.pyc
[0.793s] byte-compiling /home/atef/ROV 2024/colcon_ws/install/rov_24/lib/python3.10/site-packages/rov_24/pilot_interface.py to pilot_interface.cpython-310.pyc
[0.793s] byte-compiling /home/atef/ROV 2024/colcon_ws/install/rov_24/lib/python3.10/site-packages/rov_24/bridge.py to bridge.cpython-310.pyc
[0.794s] byte-compiling /home/atef/ROV 2024/colcon_ws/install/rov_24/lib/python3.10/site-packages/rov_24/stabilization.py to stabilization.cpython-310.pyc
[0.794s] byte-compiling /home/atef/ROV 2024/colcon_ws/install/rov_24/lib/python3.10/site-packages/rov_24/copilot_interface.py to copilot_interface.cpython-310.pyc
[0.796s] byte-compiling /home/atef/ROV 2024/colcon_ws/install/rov_24/lib/python3.10/site-packages/rov_24/movement_feedback.py to movement_feedback.cpython-310.pyc
[0.797s] byte-compiling /home/atef/ROV 2024/colcon_ws/install/rov_24/lib/python3.10/site-packages/rov_24/joystick.py to joystick.cpython-310.pyc
[0.798s] running install_data
[0.798s] copying resource/rov_24 -> /home/atef/ROV 2024/colcon_ws/install/rov_24/share/ament_index/resource_index/packages
[0.798s] copying package.xml -> /home/atef/ROV 2024/colcon_ws/install/rov_24/share/rov_24
[0.798s] copying launch/launch_file.launch.py -> /home/atef/ROV 2024/colcon_ws/install/rov_24/share/rov_24/launch
[0.798s] running install_egg_info
[0.799s] Copying ../../build/rov_24/rov_24.egg-info to /home/atef/ROV 2024/colcon_ws/install/rov_24/lib/python3.10/site-packages/rov_24-0.0.0-py3.10.egg-info
[0.800s] running install_scripts
[0.812s] Installing bridge script to /home/atef/ROV 2024/colcon_ws/install/rov_24/lib/rov_24
[0.812s] Installing gui script to /home/atef/ROV 2024/colcon_ws/install/rov_24/lib/rov_24
[0.812s] Installing joystick script to /home/atef/ROV 2024/colcon_ws/install/rov_24/lib/rov_24
[0.812s] Installing motion_control script to /home/atef/ROV 2024/colcon_ws/install/rov_24/lib/rov_24
[0.812s] Installing movement_feedback script to /home/atef/ROV 2024/colcon_ws/install/rov_24/lib/rov_24
[0.812s] writing list of installed files to '/home/atef/ROV 2024/colcon_ws/build/rov_24/install.log'
[0.827s] Invoked command in '/home/atef/ROV 2024/colcon_ws/src/rov_24' returned '0': CONDA_PROMPT_MODIFIER=(base) PYTHONPATH=/home/atef/ROV 2024/colcon_ws/build/rov_24/prefix_override:/home/atef/ROV 2024/colcon_ws/install/rov_24/lib/python3.10/site-packages:${PYTHONPATH} /usr/bin/python3 -W ignore:setup.py install is deprecated setup.py egg_info --egg-base ../../build/rov_24 build --build-base /home/atef/ROV 2024/colcon_ws/build/rov_24/build install --record /home/atef/ROV 2024/colcon_ws/build/rov_24/install.log --single-version-externally-managed install_data --force
