[0.357s] Invoking command in '/home/atef/ROV 2024/colcon_ws/build/rov_24': CONDA_PROMPT_MODIFIER=(base) PYTHONPATH=/home/atef/ROV 2024/colcon_ws/build/rov_24/prefix_override:/home/atef/ROV 2024/colcon_ws/install/rov_24/lib/python3.10/site-packages:${PYTHONPATH} /usr/bin/python3 -W ignore:setup.py install is deprecated setup.py develop --editable --build-directory /home/atef/ROV 2024/colcon_ws/build/rov_24/build --no-deps symlink_data
[0.510s] running develop
[0.510s] /usr/lib/python3/dist-packages/setuptools/command/easy_install.py:158: EasyInstallDeprecationWarning: easy_install command is deprecated. Use build and pip and other standards-based tools.
[0.510s]   warnings.warn(
[0.606s] running egg_info
[0.606s] writing rov_24.egg-info/PKG-INFO
[0.607s] writing dependency_links to rov_24.egg-info/dependency_links.txt
[0.607s] writing entry points to rov_24.egg-info/entry_points.txt
[0.607s] writing requirements to rov_24.egg-info/requires.txt
[0.607s] writing top-level names to rov_24.egg-info/top_level.txt
[0.608s] reading manifest file 'rov_24.egg-info/SOURCES.txt'
[0.609s] writing manifest file 'rov_24.egg-info/SOURCES.txt'
[0.609s] running build_ext
[0.610s] Creating /home/atef/ROV 2024/colcon_ws/install/rov_24/lib/python3.10/site-packages/rov-24.egg-link (link to .)
[0.610s] Installing joystick script to /home/atef/ROV 2024/colcon_ws/install/rov_24/lib/rov_24
[0.610s] Installing motion_control script to /home/atef/ROV 2024/colcon_ws/install/rov_24/lib/rov_24
[0.610s] Installing movement_feedback script to /home/atef/ROV 2024/colcon_ws/install/rov_24/lib/rov_24
[0.610s] 
[0.610s] Installed /home/atef/ROV 2024/colcon_ws/build/rov_24
[0.610s] running symlink_data
[0.626s] Invoked command in '/home/atef/ROV 2024/colcon_ws/build/rov_24' returned '0': CONDA_PROMPT_MODIFIER=(base) PYTHONPATH=/home/atef/ROV 2024/colcon_ws/build/rov_24/prefix_override:/home/atef/ROV 2024/colcon_ws/install/rov_24/lib/python3.10/site-packages:${PYTHONPATH} /usr/bin/python3 -W ignore:setup.py install is deprecated setup.py develop --editable --build-directory /home/atef/ROV 2024/colcon_ws/build/rov_24/build --no-deps symlink_data
