[0.081s] DEBUG:colcon:Command line arguments: ['/usr/bin/colcon', 'build', '--symlink-install']
[0.081s] DEBUG:colcon:Parsed command line arguments: Namespace(log_base=None, log_level=None, verb_name='build', build_base='build', install_base='install', merge_install=False, symlink_install=True, test_result_base=None, continue_on_error=False, executor='parallel', parallel_workers=16, event_handlers=None, ignore_user_meta=False, metas=['./colcon.meta'], base_paths=['.'], packages_ignore=None, packages_ignore_regex=None, paths=None, packages_up_to=None, packages_up_to_regex=None, packages_above=None, packages_above_and_dependencies=None, packages_above_depth=None, packages_select_by_dep=None, packages_skip_by_dep=None, packages_skip_up_to=None, packages_select_build_failed=False, packages_skip_build_finished=False, packages_select_test_failures=False, packages_skip_test_passed=False, packages_select=None, packages_skip=None, packages_select_regex=None, packages_skip_regex=None, packages_start=None, packages_end=None, allow_overriding=[], cmake_args=None, cmake_target=None, cmake_target_skip_unavailable=False, cmake_clean_cache=False, cmake_clean_first=False, cmake_force_configure=False, ament_cmake_args=None, catkin_cmake_args=None, catkin_skip_building_tests=False, verb_parser=<colcon_defaults.argument_parser.defaults.DefaultArgumentsDecorator object at 0x75179c5496f0>, verb_extension=<colcon_core.verb.build.BuildVerb object at 0x75179c6422c0>, main=<bound method BuildVerb.main of <colcon_core.verb.build.BuildVerb object at 0x75179c6422c0>>)
[0.192s] Level 1:colcon.colcon_core.package_discovery:discover_packages(colcon_meta) check parameters
[0.192s] Level 1:colcon.colcon_core.package_discovery:discover_packages(recursive) check parameters
[0.192s] Level 1:colcon.colcon_core.package_discovery:discover_packages(ignore) check parameters
[0.192s] Level 1:colcon.colcon_core.package_discovery:discover_packages(path) check parameters
[0.192s] Level 1:colcon.colcon_core.package_discovery:discover_packages(colcon_meta) discover
[0.192s] Level 1:colcon.colcon_core.package_discovery:discover_packages(recursive) discover
[0.192s] INFO:colcon.colcon_core.package_discovery:Crawling recursively for packages in '/home/atef/ROV 2024/colcon_ws'
[0.192s] Level 1:colcon.colcon_core.package_identification:_identify(.) by extensions ['ignore', 'ignore_ament_install']
[0.192s] Level 1:colcon.colcon_core.package_identification:_identify(.) by extension 'ignore'
[0.192s] Level 1:colcon.colcon_core.package_identification:_identify(.) by extension 'ignore_ament_install'
[0.193s] Level 1:colcon.colcon_core.package_identification:_identify(.) by extensions ['colcon_pkg']
[0.193s] Level 1:colcon.colcon_core.package_identification:_identify(.) by extension 'colcon_pkg'
[0.193s] Level 1:colcon.colcon_core.package_identification:_identify(.) by extensions ['colcon_meta']
[0.193s] Level 1:colcon.colcon_core.package_identification:_identify(.) by extension 'colcon_meta'
[0.193s] Level 1:colcon.colcon_core.package_identification:_identify(.) by extensions ['ros']
[0.193s] Level 1:colcon.colcon_core.package_identification:_identify(.) by extension 'ros'
[0.200s] Level 1:colcon.colcon_core.package_identification:_identify(.) by extensions ['cmake', 'python']
[0.200s] Level 1:colcon.colcon_core.package_identification:_identify(.) by extension 'cmake'
[0.200s] Level 1:colcon.colcon_core.package_identification:_identify(.) by extension 'python'
[0.200s] Level 1:colcon.colcon_core.package_identification:_identify(.) by extensions ['python_setup_py']
[0.200s] Level 1:colcon.colcon_core.package_identification:_identify(.) by extension 'python_setup_py'
[0.200s] Level 1:colcon.colcon_core.package_identification:_identify(build) by extensions ['ignore', 'ignore_ament_install']
[0.200s] Level 1:colcon.colcon_core.package_identification:_identify(build) by extension 'ignore'
[0.200s] Level 1:colcon.colcon_core.package_identification:_identify(build) ignored
[0.200s] Level 1:colcon.colcon_core.package_identification:_identify(install) by extensions ['ignore', 'ignore_ament_install']
[0.200s] Level 1:colcon.colcon_core.package_identification:_identify(install) by extension 'ignore'
[0.200s] Level 1:colcon.colcon_core.package_identification:_identify(install) ignored
[0.201s] Level 1:colcon.colcon_core.package_identification:_identify(log) by extensions ['ignore', 'ignore_ament_install']
[0.201s] Level 1:colcon.colcon_core.package_identification:_identify(log) by extension 'ignore'
[0.201s] Level 1:colcon.colcon_core.package_identification:_identify(log) ignored
[0.201s] Level 1:colcon.colcon_core.package_identification:_identify(src) by extensions ['ignore', 'ignore_ament_install']
[0.201s] Level 1:colcon.colcon_core.package_identification:_identify(src) by extension 'ignore'
[0.201s] Level 1:colcon.colcon_core.package_identification:_identify(src) by extension 'ignore_ament_install'
[0.201s] Level 1:colcon.colcon_core.package_identification:_identify(src) by extensions ['colcon_pkg']
[0.201s] Level 1:colcon.colcon_core.package_identification:_identify(src) by extension 'colcon_pkg'
[0.201s] Level 1:colcon.colcon_core.package_identification:_identify(src) by extensions ['colcon_meta']
[0.201s] Level 1:colcon.colcon_core.package_identification:_identify(src) by extension 'colcon_meta'
[0.201s] Level 1:colcon.colcon_core.package_identification:_identify(src) by extensions ['ros']
[0.201s] Level 1:colcon.colcon_core.package_identification:_identify(src) by extension 'ros'
[0.201s] Level 1:colcon.colcon_core.package_identification:_identify(src) by extensions ['cmake', 'python']
[0.201s] Level 1:colcon.colcon_core.package_identification:_identify(src) by extension 'cmake'
[0.201s] Level 1:colcon.colcon_core.package_identification:_identify(src) by extension 'python'
[0.201s] Level 1:colcon.colcon_core.package_identification:_identify(src) by extensions ['python_setup_py']
[0.201s] Level 1:colcon.colcon_core.package_identification:_identify(src) by extension 'python_setup_py'
[0.201s] Level 1:colcon.colcon_core.package_identification:_identify(src/ros1_bridge) by extensions ['ignore', 'ignore_ament_install']
[0.201s] Level 1:colcon.colcon_core.package_identification:_identify(src/ros1_bridge) by extension 'ignore'
[0.201s] Level 1:colcon.colcon_core.package_identification:_identify(src/ros1_bridge) by extension 'ignore_ament_install'
[0.201s] Level 1:colcon.colcon_core.package_identification:_identify(src/ros1_bridge) by extensions ['colcon_pkg']
[0.201s] Level 1:colcon.colcon_core.package_identification:_identify(src/ros1_bridge) by extension 'colcon_pkg'
[0.201s] Level 1:colcon.colcon_core.package_identification:_identify(src/ros1_bridge) by extensions ['colcon_meta']
[0.201s] Level 1:colcon.colcon_core.package_identification:_identify(src/ros1_bridge) by extension 'colcon_meta'
[0.201s] Level 1:colcon.colcon_core.package_identification:_identify(src/ros1_bridge) by extensions ['ros']
[0.201s] Level 1:colcon.colcon_core.package_identification:_identify(src/ros1_bridge) by extension 'ros'
[0.203s] DEBUG:colcon.colcon_core.package_identification:Package 'src/ros1_bridge' with type 'ros.ament_cmake' and name 'ros1_bridge'
[0.203s] Level 1:colcon.colcon_core.package_identification:_identify(src/rov_24) by extensions ['ignore', 'ignore_ament_install']
[0.204s] Level 1:colcon.colcon_core.package_identification:_identify(src/rov_24) by extension 'ignore'
[0.204s] Level 1:colcon.colcon_core.package_identification:_identify(src/rov_24) by extension 'ignore_ament_install'
[0.204s] Level 1:colcon.colcon_core.package_identification:_identify(src/rov_24) by extensions ['colcon_pkg']
[0.204s] Level 1:colcon.colcon_core.package_identification:_identify(src/rov_24) by extension 'colcon_pkg'
[0.204s] Level 1:colcon.colcon_core.package_identification:_identify(src/rov_24) by extensions ['colcon_meta']
[0.204s] Level 1:colcon.colcon_core.package_identification:_identify(src/rov_24) by extension 'colcon_meta'
[0.204s] Level 1:colcon.colcon_core.package_identification:_identify(src/rov_24) by extensions ['ros']
[0.204s] Level 1:colcon.colcon_core.package_identification:_identify(src/rov_24) by extension 'ros'
[0.204s] DEBUG:colcon.colcon_core.package_identification:Package 'src/rov_24' with type 'ros.ament_python' and name 'rov_24'
[0.204s] Level 1:colcon.colcon_core.package_discovery:discover_packages(recursive) using defaults
[0.204s] Level 1:colcon.colcon_core.package_discovery:discover_packages(ignore) discover
[0.204s] Level 1:colcon.colcon_core.package_discovery:discover_packages(ignore) using defaults
[0.204s] Level 1:colcon.colcon_core.package_discovery:discover_packages(path) discover
[0.204s] Level 1:colcon.colcon_core.package_discovery:discover_packages(path) using defaults
[0.228s] Level 1:colcon.colcon_core.package_discovery:discover_packages(prefix_path) check parameters
[0.228s] Level 1:colcon.colcon_core.package_discovery:discover_packages(prefix_path) discover
[0.229s] DEBUG:colcon.colcon_installed_package_information.package_discovery:Found 2 installed packages in /home/atef/ROV 2024/colcon_ws/install
[0.230s] DEBUG:colcon.colcon_installed_package_information.package_discovery:Found 271 installed packages in /opt/ros/humble
[0.231s] Level 1:colcon.colcon_core.package_discovery:discover_packages(prefix_path) using defaults
[0.254s] Level 5:colcon.colcon_core.verb:set package 'ros1_bridge' build argument 'cmake_args' from command line to 'None'
[0.254s] Level 5:colcon.colcon_core.verb:set package 'ros1_bridge' build argument 'cmake_target' from command line to 'None'
[0.254s] Level 5:colcon.colcon_core.verb:set package 'ros1_bridge' build argument 'cmake_target_skip_unavailable' from command line to 'False'
[0.254s] Level 5:colcon.colcon_core.verb:set package 'ros1_bridge' build argument 'cmake_clean_cache' from command line to 'False'
[0.254s] Level 5:colcon.colcon_core.verb:set package 'ros1_bridge' build argument 'cmake_clean_first' from command line to 'False'
[0.254s] Level 5:colcon.colcon_core.verb:set package 'ros1_bridge' build argument 'cmake_force_configure' from command line to 'False'
[0.254s] Level 5:colcon.colcon_core.verb:set package 'ros1_bridge' build argument 'ament_cmake_args' from command line to 'None'
[0.254s] Level 5:colcon.colcon_core.verb:set package 'ros1_bridge' build argument 'catkin_cmake_args' from command line to 'None'
[0.254s] Level 5:colcon.colcon_core.verb:set package 'ros1_bridge' build argument 'catkin_skip_building_tests' from command line to 'False'
[0.254s] DEBUG:colcon.colcon_core.verb:Building package 'ros1_bridge' with the following arguments: {'ament_cmake_args': None, 'build_base': '/home/atef/ROV 2024/colcon_ws/build/ros1_bridge', 'catkin_cmake_args': None, 'catkin_skip_building_tests': False, 'cmake_args': None, 'cmake_clean_cache': False, 'cmake_clean_first': False, 'cmake_force_configure': False, 'cmake_target': None, 'cmake_target_skip_unavailable': False, 'install_base': '/home/atef/ROV 2024/colcon_ws/install/ros1_bridge', 'merge_install': False, 'path': '/home/atef/ROV 2024/colcon_ws/src/ros1_bridge', 'symlink_install': True, 'test_result_base': None}
[0.255s] Level 5:colcon.colcon_core.verb:set package 'rov_24' build argument 'cmake_args' from command line to 'None'
[0.255s] Level 5:colcon.colcon_core.verb:set package 'rov_24' build argument 'cmake_target' from command line to 'None'
[0.255s] Level 5:colcon.colcon_core.verb:set package 'rov_24' build argument 'cmake_target_skip_unavailable' from command line to 'False'
[0.255s] Level 5:colcon.colcon_core.verb:set package 'rov_24' build argument 'cmake_clean_cache' from command line to 'False'
[0.255s] Level 5:colcon.colcon_core.verb:set package 'rov_24' build argument 'cmake_clean_first' from command line to 'False'
[0.255s] Level 5:colcon.colcon_core.verb:set package 'rov_24' build argument 'cmake_force_configure' from command line to 'False'
[0.255s] Level 5:colcon.colcon_core.verb:set package 'rov_24' build argument 'ament_cmake_args' from command line to 'None'
[0.255s] Level 5:colcon.colcon_core.verb:set package 'rov_24' build argument 'catkin_cmake_args' from command line to 'None'
[0.255s] Level 5:colcon.colcon_core.verb:set package 'rov_24' build argument 'catkin_skip_building_tests' from command line to 'False'
[0.255s] DEBUG:colcon.colcon_core.verb:Building package 'rov_24' with the following arguments: {'ament_cmake_args': None, 'build_base': '/home/atef/ROV 2024/colcon_ws/build/rov_24', 'catkin_cmake_args': None, 'catkin_skip_building_tests': False, 'cmake_args': None, 'cmake_clean_cache': False, 'cmake_clean_first': False, 'cmake_force_configure': False, 'cmake_target': None, 'cmake_target_skip_unavailable': False, 'install_base': '/home/atef/ROV 2024/colcon_ws/install/rov_24', 'merge_install': False, 'path': '/home/atef/ROV 2024/colcon_ws/src/rov_24', 'symlink_install': True, 'test_result_base': None}
[0.255s] INFO:colcon.colcon_core.executor:Executing jobs using 'parallel' executor
[0.256s] DEBUG:colcon.colcon_parallel_executor.executor.parallel:run_until_complete
[0.256s] INFO:colcon.colcon_ros.task.ament_cmake.build:Building ROS package in '/home/atef/ROV 2024/colcon_ws/src/ros1_bridge' with build type 'ament_cmake'
[0.256s] INFO:colcon.colcon_cmake.task.cmake.build:Building CMake package in '/home/atef/ROV 2024/colcon_ws/src/ros1_bridge'
[0.258s] INFO:colcon.colcon_core.plugin_system:Skipping extension 'colcon_core.shell.bat': Not used on non-Windows systems
[0.258s] INFO:colcon.colcon_core.shell:Skip shell extension 'powershell' for command environment: Not usable outside of PowerShell
[0.258s] DEBUG:colcon.colcon_core.shell:Skip shell extension 'dsv' for command environment
[0.261s] INFO:colcon.colcon_ros.task.ament_python.build:Building ROS package in '/home/atef/ROV 2024/colcon_ws/src/rov_24' with build type 'ament_python'
[0.261s] Level 1:colcon.colcon_core.shell:create_environment_hook('rov_24', 'ament_prefix_path')
[0.261s] INFO:colcon.colcon_core.shell:Creating environment hook '/home/atef/ROV 2024/colcon_ws/install/rov_24/share/rov_24/hook/ament_prefix_path.ps1'
[0.262s] INFO:colcon.colcon_core.shell:Creating environment descriptor '/home/atef/ROV 2024/colcon_ws/install/rov_24/share/rov_24/hook/ament_prefix_path.dsv'
[0.262s] INFO:colcon.colcon_core.shell:Creating environment hook '/home/atef/ROV 2024/colcon_ws/install/rov_24/share/rov_24/hook/ament_prefix_path.sh'
[0.263s] INFO:colcon.colcon_core.shell:Skip shell extension 'powershell' for command environment: Not usable outside of PowerShell
[0.263s] DEBUG:colcon.colcon_core.shell:Skip shell extension 'dsv' for command environment
[0.268s] DEBUG:colcon.colcon_core.event_handler.log_command:Invoking command in '/home/atef/ROV 2024/colcon_ws/build/ros1_bridge': CMAKE_PREFIX_PATH=${CMAKE_PREFIX_PATH}:/home/atef/ROV 2024/colcon_ws/install/rov_24:/opt/ros/humble CONDA_PROMPT_MODIFIER=(base) /usr/bin/cmake --build /home/atef/ROV 2024/colcon_ws/build/ros1_bridge -- -j16 -l16
[0.437s] INFO:colcon.colcon_core.task.python.build:Building Python package in '/home/atef/ROV 2024/colcon_ws/src/rov_24'
[0.438s] INFO:colcon.colcon_core.shell:Skip shell extension 'powershell' for command environment: Not usable outside of PowerShell
[0.438s] DEBUG:colcon.colcon_core.shell:Skip shell extension 'dsv' for command environment
[0.441s] DEBUG:colcon.colcon_core.event_handler.log_command:Invoked command in '/home/atef/ROV 2024/colcon_ws/build/ros1_bridge' returned '0': CMAKE_PREFIX_PATH=${CMAKE_PREFIX_PATH}:/home/atef/ROV 2024/colcon_ws/install/rov_24:/opt/ros/humble CONDA_PROMPT_MODIFIER=(base) /usr/bin/cmake --build /home/atef/ROV 2024/colcon_ws/build/ros1_bridge -- -j16 -l16
[0.463s] DEBUG:colcon.colcon_core.event_handler.log_command:Invoking command in '/home/atef/ROV 2024/colcon_ws/build/ros1_bridge': CMAKE_PREFIX_PATH=${CMAKE_PREFIX_PATH}:/home/atef/ROV 2024/colcon_ws/install/rov_24:/opt/ros/humble CONDA_PROMPT_MODIFIER=(base) /usr/bin/cmake --install /home/atef/ROV 2024/colcon_ws/build/ros1_bridge
[0.477s] Level 1:colcon.colcon_core.environment:create_environment_scripts_only(ros1_bridge)
[0.478s] DEBUG:colcon.colcon_core.event_handler.log_command:Invoked command in '/home/atef/ROV 2024/colcon_ws/build/ros1_bridge' returned '0': CMAKE_PREFIX_PATH=${CMAKE_PREFIX_PATH}:/home/atef/ROV 2024/colcon_ws/install/rov_24:/opt/ros/humble CONDA_PROMPT_MODIFIER=(base) /usr/bin/cmake --install /home/atef/ROV 2024/colcon_ws/build/ros1_bridge
[0.480s] Level 1:colcon.colcon_core.environment:checking '/home/atef/ROV 2024/colcon_ws/install/ros1_bridge' for CMake module files
[0.480s] Level 1:colcon.colcon_core.environment:checking '/home/atef/ROV 2024/colcon_ws/install/ros1_bridge' for CMake config files
[0.481s] Level 1:colcon.colcon_core.shell:create_environment_hook('ros1_bridge', 'cmake_prefix_path')
[0.481s] INFO:colcon.colcon_core.shell:Creating environment hook '/home/atef/ROV 2024/colcon_ws/install/ros1_bridge/share/ros1_bridge/hook/cmake_prefix_path.ps1'
[0.481s] INFO:colcon.colcon_core.shell:Creating environment descriptor '/home/atef/ROV 2024/colcon_ws/install/ros1_bridge/share/ros1_bridge/hook/cmake_prefix_path.dsv'
[0.481s] INFO:colcon.colcon_core.shell:Creating environment hook '/home/atef/ROV 2024/colcon_ws/install/ros1_bridge/share/ros1_bridge/hook/cmake_prefix_path.sh'
[0.482s] Level 1:colcon.colcon_core.environment:checking '/home/atef/ROV 2024/colcon_ws/install/ros1_bridge/bin'
[0.482s] Level 1:colcon.colcon_core.environment:checking '/home/atef/ROV 2024/colcon_ws/install/ros1_bridge/lib/pkgconfig/ros1_bridge.pc'
[0.482s] Level 1:colcon.colcon_core.environment:checking '/home/atef/ROV 2024/colcon_ws/install/ros1_bridge/lib/python3.10/site-packages'
[0.482s] Level 1:colcon.colcon_core.environment:checking '/home/atef/ROV 2024/colcon_ws/install/ros1_bridge/bin'
[0.482s] INFO:colcon.colcon_core.shell:Creating package script '/home/atef/ROV 2024/colcon_ws/install/ros1_bridge/share/ros1_bridge/package.ps1'
[0.483s] INFO:colcon.colcon_core.shell:Creating package descriptor '/home/atef/ROV 2024/colcon_ws/install/ros1_bridge/share/ros1_bridge/package.dsv'
[0.483s] INFO:colcon.colcon_core.shell:Creating package script '/home/atef/ROV 2024/colcon_ws/install/ros1_bridge/share/ros1_bridge/package.sh'
[0.484s] INFO:colcon.colcon_core.shell:Creating package script '/home/atef/ROV 2024/colcon_ws/install/ros1_bridge/share/ros1_bridge/package.bash'
[0.484s] INFO:colcon.colcon_core.shell:Creating package script '/home/atef/ROV 2024/colcon_ws/install/ros1_bridge/share/ros1_bridge/package.zsh'
[0.485s] Level 1:colcon.colcon_core.environment:create_file_with_runtime_dependencies(/home/atef/ROV 2024/colcon_ws/install/ros1_bridge/share/colcon-core/packages/ros1_bridge)
[0.499s] Level 1:colcon.colcon_core.environment:create_environment_scripts_only(ros1_bridge)
[0.500s] Level 1:colcon.colcon_core.environment:checking '/home/atef/ROV 2024/colcon_ws/install/ros1_bridge' for CMake module files
[0.500s] Level 1:colcon.colcon_core.environment:checking '/home/atef/ROV 2024/colcon_ws/install/ros1_bridge' for CMake config files
[0.500s] Level 1:colcon.colcon_core.shell:create_environment_hook('ros1_bridge', 'cmake_prefix_path')
[0.500s] INFO:colcon.colcon_core.shell:Creating environment hook '/home/atef/ROV 2024/colcon_ws/install/ros1_bridge/share/ros1_bridge/hook/cmake_prefix_path.ps1'
[0.501s] INFO:colcon.colcon_core.shell:Creating environment descriptor '/home/atef/ROV 2024/colcon_ws/install/ros1_bridge/share/ros1_bridge/hook/cmake_prefix_path.dsv'
[0.501s] INFO:colcon.colcon_core.shell:Creating environment hook '/home/atef/ROV 2024/colcon_ws/install/ros1_bridge/share/ros1_bridge/hook/cmake_prefix_path.sh'
[0.501s] Level 1:colcon.colcon_core.environment:checking '/home/atef/ROV 2024/colcon_ws/install/ros1_bridge/bin'
[0.501s] Level 1:colcon.colcon_core.environment:checking '/home/atef/ROV 2024/colcon_ws/install/ros1_bridge/lib/pkgconfig/ros1_bridge.pc'
[0.502s] Level 1:colcon.colcon_core.environment:checking '/home/atef/ROV 2024/colcon_ws/install/ros1_bridge/lib/python3.10/site-packages'
[0.502s] Level 1:colcon.colcon_core.environment:checking '/home/atef/ROV 2024/colcon_ws/install/ros1_bridge/bin'
[0.502s] INFO:colcon.colcon_core.shell:Creating package script '/home/atef/ROV 2024/colcon_ws/install/ros1_bridge/share/ros1_bridge/package.ps1'
[0.502s] INFO:colcon.colcon_core.shell:Creating package descriptor '/home/atef/ROV 2024/colcon_ws/install/ros1_bridge/share/ros1_bridge/package.dsv'
[0.503s] INFO:colcon.colcon_core.shell:Creating package script '/home/atef/ROV 2024/colcon_ws/install/ros1_bridge/share/ros1_bridge/package.sh'
[0.503s] INFO:colcon.colcon_core.shell:Creating package script '/home/atef/ROV 2024/colcon_ws/install/ros1_bridge/share/ros1_bridge/package.bash'
[0.503s] INFO:colcon.colcon_core.shell:Creating package script '/home/atef/ROV 2024/colcon_ws/install/ros1_bridge/share/ros1_bridge/package.zsh'
[0.503s] Level 1:colcon.colcon_core.environment:create_file_with_runtime_dependencies(/home/atef/ROV 2024/colcon_ws/install/ros1_bridge/share/colcon-core/packages/ros1_bridge)
[0.665s] DEBUG:colcon.colcon_core.event_handler.log_command:Invoking command in '/home/atef/ROV 2024/colcon_ws/build/rov_24': CONDA_PROMPT_MODIFIER=(base) PYTHONPATH=/home/atef/ROV 2024/colcon_ws/build/rov_24/prefix_override:/home/atef/ROV 2024/colcon_ws/install/rov_24/lib/python3.10/site-packages:${PYTHONPATH} /usr/bin/python3 -W ignore:setup.py install is deprecated setup.py develop --editable --build-directory /home/atef/ROV 2024/colcon_ws/build/rov_24/build --no-deps symlink_data
[0.968s] Level 1:colcon.colcon_core.shell:create_environment_hook('rov_24', 'pythonpath_develop')
[0.968s] INFO:colcon.colcon_core.shell:Creating environment hook '/home/atef/ROV 2024/colcon_ws/build/rov_24/share/rov_24/hook/pythonpath_develop.ps1'
[0.968s] DEBUG:colcon.colcon_core.event_handler.log_command:Invoked command in '/home/atef/ROV 2024/colcon_ws/build/rov_24' returned '0': CONDA_PROMPT_MODIFIER=(base) PYTHONPATH=/home/atef/ROV 2024/colcon_ws/build/rov_24/prefix_override:/home/atef/ROV 2024/colcon_ws/install/rov_24/lib/python3.10/site-packages:${PYTHONPATH} /usr/bin/python3 -W ignore:setup.py install is deprecated setup.py develop --editable --build-directory /home/atef/ROV 2024/colcon_ws/build/rov_24/build --no-deps symlink_data
[0.969s] INFO:colcon.colcon_core.shell:Creating environment descriptor '/home/atef/ROV 2024/colcon_ws/build/rov_24/share/rov_24/hook/pythonpath_develop.dsv'
[0.969s] INFO:colcon.colcon_core.shell:Creating environment hook '/home/atef/ROV 2024/colcon_ws/build/rov_24/share/rov_24/hook/pythonpath_develop.sh'
[0.969s] Level 1:colcon.colcon_core.environment:checking '/home/atef/ROV 2024/colcon_ws/install/rov_24' for CMake module files
[0.969s] Level 1:colcon.colcon_core.environment:checking '/home/atef/ROV 2024/colcon_ws/install/rov_24' for CMake config files
[0.970s] Level 1:colcon.colcon_core.environment:checking '/home/atef/ROV 2024/colcon_ws/install/rov_24/lib'
[0.970s] Level 1:colcon.colcon_core.environment:checking '/home/atef/ROV 2024/colcon_ws/install/rov_24/bin'
[0.970s] Level 1:colcon.colcon_core.environment:checking '/home/atef/ROV 2024/colcon_ws/install/rov_24/lib/pkgconfig/rov_24.pc'
[0.970s] Level 1:colcon.colcon_core.environment:checking '/home/atef/ROV 2024/colcon_ws/install/rov_24/lib/python3.10/site-packages'
[0.970s] Level 1:colcon.colcon_core.shell:create_environment_hook('rov_24', 'pythonpath')
[0.970s] INFO:colcon.colcon_core.shell:Creating environment hook '/home/atef/ROV 2024/colcon_ws/install/rov_24/share/rov_24/hook/pythonpath.ps1'
[0.970s] INFO:colcon.colcon_core.shell:Creating environment descriptor '/home/atef/ROV 2024/colcon_ws/install/rov_24/share/rov_24/hook/pythonpath.dsv'
[0.970s] INFO:colcon.colcon_core.shell:Creating environment hook '/home/atef/ROV 2024/colcon_ws/install/rov_24/share/rov_24/hook/pythonpath.sh'
[0.971s] Level 1:colcon.colcon_core.environment:checking '/home/atef/ROV 2024/colcon_ws/install/rov_24/bin'
[0.971s] Level 1:colcon.colcon_core.environment:create_environment_scripts_only(rov_24)
[0.971s] INFO:colcon.colcon_core.shell:Creating package script '/home/atef/ROV 2024/colcon_ws/install/rov_24/share/rov_24/package.ps1'
[0.971s] INFO:colcon.colcon_core.shell:Creating package descriptor '/home/atef/ROV 2024/colcon_ws/install/rov_24/share/rov_24/package.dsv'
[0.972s] INFO:colcon.colcon_core.shell:Creating package script '/home/atef/ROV 2024/colcon_ws/install/rov_24/share/rov_24/package.sh'
[0.972s] INFO:colcon.colcon_core.shell:Creating package script '/home/atef/ROV 2024/colcon_ws/install/rov_24/share/rov_24/package.bash'
[0.972s] INFO:colcon.colcon_core.shell:Creating package script '/home/atef/ROV 2024/colcon_ws/install/rov_24/share/rov_24/package.zsh'
[0.972s] Level 1:colcon.colcon_core.environment:create_file_with_runtime_dependencies(/home/atef/ROV 2024/colcon_ws/install/rov_24/share/colcon-core/packages/rov_24)
[0.972s] DEBUG:colcon.colcon_parallel_executor.executor.parallel:closing loop
[0.973s] DEBUG:colcon.colcon_parallel_executor.executor.parallel:loop closed
[0.973s] DEBUG:colcon.colcon_parallel_executor.executor.parallel:run_until_complete finished with '0'
[0.973s] DEBUG:colcon.colcon_core.event_reactor:joining thread
[0.977s] INFO:colcon.colcon_core.plugin_system:Skipping extension 'colcon_notification.desktop_notification.terminal_notifier': Not used on non-Darwin systems
[0.977s] INFO:colcon.colcon_core.plugin_system:Skipping extension 'colcon_notification.desktop_notification.win32': Not used on non-Windows systems
[0.977s] INFO:colcon.colcon_notification.desktop_notification:Sending desktop notification using 'notify2'
[0.987s] DEBUG:colcon.colcon_core.event_reactor:joined thread
[0.987s] INFO:colcon.colcon_core.shell:Creating prefix script '/home/atef/ROV 2024/colcon_ws/install/local_setup.ps1'
[0.988s] INFO:colcon.colcon_core.shell:Creating prefix util module '/home/atef/ROV 2024/colcon_ws/install/_local_setup_util_ps1.py'
[0.989s] INFO:colcon.colcon_core.shell:Creating prefix chain script '/home/atef/ROV 2024/colcon_ws/install/setup.ps1'
[0.990s] INFO:colcon.colcon_core.shell:Creating prefix script '/home/atef/ROV 2024/colcon_ws/install/local_setup.sh'
[0.990s] INFO:colcon.colcon_core.shell:Creating prefix util module '/home/atef/ROV 2024/colcon_ws/install/_local_setup_util_sh.py'
[0.991s] INFO:colcon.colcon_core.shell:Creating prefix chain script '/home/atef/ROV 2024/colcon_ws/install/setup.sh'
[0.991s] INFO:colcon.colcon_core.shell:Creating prefix script '/home/atef/ROV 2024/colcon_ws/install/local_setup.bash'
[0.992s] INFO:colcon.colcon_core.shell:Creating prefix chain script '/home/atef/ROV 2024/colcon_ws/install/setup.bash'
[0.992s] INFO:colcon.colcon_core.shell:Creating prefix script '/home/atef/ROV 2024/colcon_ws/install/local_setup.zsh'
[0.993s] INFO:colcon.colcon_core.shell:Creating prefix chain script '/home/atef/ROV 2024/colcon_ws/install/setup.zsh'
