[0.010s] Invoking command in '/home/atef/ROV 2024/colcon_ws/build/ros1_bridge': CMAKE_PREFIX_PATH=${CMAKE_PREFIX_PATH}:/home/atef/ROV 2024/colcon_ws/install/rov_24:/opt/ros/humble CONDA_PROMPT_MODIFIER=(base) /usr/bin/cmake --build /home/atef/ROV 2024/colcon_ws/build/ros1_bridge -- -j16 -l16
[0.191s] Invoked command in '/home/atef/ROV 2024/colcon_ws/build/ros1_bridge' returned '0': CMAKE_PREFIX_PATH=${CMAKE_PREFIX_PATH}:/home/atef/ROV 2024/colcon_ws/install/rov_24:/opt/ros/humble CONDA_PROMPT_MODIFIER=(base) /usr/bin/cmake --build /home/atef/ROV 2024/colcon_ws/build/ros1_bridge -- -j16 -l16
[0.214s] Invoking command in '/home/atef/ROV 2024/colcon_ws/build/ros1_bridge': CMAKE_PREFIX_PATH=${CMAKE_PREFIX_PATH}:/home/atef/ROV 2024/colcon_ws/install/rov_24:/opt/ros/humble CONDA_PROMPT_MODIFIER=(base) /usr/bin/cmake --install /home/atef/ROV 2024/colcon_ws/build/ros1_bridge
[0.220s] -- Install configuration: ""
[0.220s] -- Execute custom install script
[0.220s] -- Up-to-date symlink: /home/atef/ROV 2024/colcon_ws/install/ros1_bridge/share/ament_index/resource_index/package_run_dependencies/ros1_bridge
[0.220s] -- Up-to-date symlink: /home/atef/ROV 2024/colcon_ws/install/ros1_bridge/share/ament_index/resource_index/parent_prefix_path/ros1_bridge
[0.220s] -- Up-to-date symlink: /home/atef/ROV 2024/colcon_ws/install/ros1_bridge/share/ros1_bridge/environment/ament_prefix_path.sh
[0.220s] -- Up-to-date symlink: /home/atef/ROV 2024/colcon_ws/install/ros1_bridge/share/ros1_bridge/environment/ament_prefix_path.dsv
[0.220s] -- Up-to-date symlink: /home/atef/ROV 2024/colcon_ws/install/ros1_bridge/share/ros1_bridge/environment/path.sh
[0.220s] -- Up-to-date symlink: /home/atef/ROV 2024/colcon_ws/install/ros1_bridge/share/ros1_bridge/environment/path.dsv
[0.220s] -- Up-to-date symlink: /home/atef/ROV 2024/colcon_ws/install/ros1_bridge/share/ros1_bridge/local_setup.bash
[0.221s] -- Up-to-date symlink: /home/atef/ROV 2024/colcon_ws/install/ros1_bridge/share/ros1_bridge/local_setup.sh
[0.221s] -- Up-to-date symlink: /home/atef/ROV 2024/colcon_ws/install/ros1_bridge/share/ros1_bridge/local_setup.zsh
[0.221s] -- Up-to-date symlink: /home/atef/ROV 2024/colcon_ws/install/ros1_bridge/share/ros1_bridge/local_setup.dsv
[0.221s] -- Symlinking: /home/atef/ROV 2024/colcon_ws/install/ros1_bridge/share/ros1_bridge/package.dsv
[0.228s] -- Up-to-date symlink: /home/atef/ROV 2024/colcon_ws/install/ros1_bridge/share/ament_index/resource_index/packages/ros1_bridge
[0.228s] -- Up-to-date symlink: /home/atef/ROV 2024/colcon_ws/install/ros1_bridge/share/ros1_bridge/cmake/find_ros1_package.cmake
[0.228s] -- Up-to-date symlink: /home/atef/ROV 2024/colcon_ws/install/ros1_bridge/share/ros1_bridge/cmake/find_ros1_interface_packages.cmake
[0.228s] -- Up-to-date symlink: /home/atef/ROV 2024/colcon_ws/install/ros1_bridge/share/ros1_bridge/cmake/ros1_bridgeConfig.cmake
[0.228s] -- Up-to-date symlink: /home/atef/ROV 2024/colcon_ws/install/ros1_bridge/share/ros1_bridge/cmake/ros1_bridgeConfig-version.cmake
[0.228s] -- Up-to-date symlink: /home/atef/ROV 2024/colcon_ws/install/ros1_bridge/share/ros1_bridge/package.xml
[0.230s] Invoked command in '/home/atef/ROV 2024/colcon_ws/build/ros1_bridge' returned '0': CMAKE_PREFIX_PATH=${CMAKE_PREFIX_PATH}:/home/atef/ROV 2024/colcon_ws/install/rov_24:/opt/ros/humble CONDA_PROMPT_MODIFIER=(base) /usr/bin/cmake --install /home/atef/ROV 2024/colcon_ws/build/ros1_bridge
