[0.343s] Invoking command in '/home/atef/ROV 2024/colcon_ws/build/rov_24': CONDA_PROMPT_MODIFIER=(base) PYTHONPATH=/home/atef/ROV 2024/colcon_ws/build/rov_24/prefix_override:/home/atef/ROV 2024/colcon_ws/install/rov_24/lib/python3.10/site-packages:${PYTHONPATH} /usr/bin/python3 -W ignore:setup.py install is deprecated setup.py develop --editable --build-directory /home/atef/ROV 2024/colcon_ws/build/rov_24/build --no-deps symlink_data
[0.496s] running develop
[0.496s] /usr/lib/python3/dist-packages/setuptools/command/easy_install.py:158: EasyInstallDeprecationWarning: easy_install command is deprecated. Use build and pip and other standards-based tools.
[0.496s]   warnings.warn(
[0.591s] running egg_info
[0.591s] writing rov_24.egg-info/PKG-INFO
[0.591s] writing dependency_links to rov_24.egg-info/dependency_links.txt
[0.591s] writing entry points to rov_24.egg-info/entry_points.txt
[0.591s] writing requirements to rov_24.egg-info/requires.txt
[0.591s] writing top-level names to rov_24.egg-info/top_level.txt
[0.592s] reading manifest file 'rov_24.egg-info/SOURCES.txt'
[0.593s] writing manifest file 'rov_24.egg-info/SOURCES.txt'
[0.594s] running build_ext
[0.594s] Creating /home/atef/ROV 2024/colcon_ws/install/rov_24/lib/python3.10/site-packages/rov-24.egg-link (link to .)
[0.594s] Installing joystick script to /home/atef/ROV 2024/colcon_ws/install/rov_24/lib/rov_24
[0.594s] Installing motion_control script to /home/atef/ROV 2024/colcon_ws/install/rov_24/lib/rov_24
[0.594s] Installing movement_feedback script to /home/atef/ROV 2024/colcon_ws/install/rov_24/lib/rov_24
[0.594s] 
[0.594s] Installed /home/atef/ROV 2024/colcon_ws/build/rov_24
[0.594s] running symlink_data
[0.610s] Invoked command in '/home/atef/ROV 2024/colcon_ws/build/rov_24' returned '0': CONDA_PROMPT_MODIFIER=(base) PYTHONPATH=/home/atef/ROV 2024/colcon_ws/build/rov_24/prefix_override:/home/atef/ROV 2024/colcon_ws/install/rov_24/lib/python3.10/site-packages:${PYTHONPATH} /usr/bin/python3 -W ignore:setup.py install is deprecated setup.py develop --editable --build-directory /home/atef/ROV 2024/colcon_ws/build/rov_24/build --no-deps symlink_data
