[0.006s] Invoking command in '/home/atef/ROV 2024/colcon_ws/build/ros1_bridge': CONDA_PROMPT_MODIFIER=(base) /usr/bin/cmake /home/atef/ROV 2024/colcon_ws/src/ros1_bridge -DCMAKE_INSTALL_PREFIX=/home/atef/ROV 2024/colcon_ws/install/ros1_bridge
[0.014s] -- Found rmw: 6.1.1 (/opt/ros/humble/share/rmw/cmake)
[0.062s] Traceback (most recent call last):
[0.062s]   File "/opt/ros/humble/share/ament_cmake_core/cmake/package_templates/templates_2_cmake.py", line 21, in <module>
[0.062s]     from ament_package.templates import get_environment_hook_template_path
[0.062s] ModuleNotFoundError: No module named 'ament_package'
[0.064s] [31mCMake Error at /opt/ros/humble/share/ament_cmake_core/cmake/ament_cmake_package_templates-extras.cmake:41 (message):
[0.065s]   execute_process(/home/atef/anaconda3/bin/python3
[0.065s]   /opt/ros/humble/share/ament_cmake_core/cmake/package_templates/templates_2_cmake.py
[0.065s]   /home/atef/ROV
[0.065s]   2024/colcon_ws/build/ros1_bridge/ament_cmake_package_templates/templates.cmake)
[0.065s]   returned error code 1
[0.065s] Call Stack (most recent call first):
[0.065s]   /opt/ros/humble/share/ament_cmake_core/cmake/ament_cmake_coreConfig.cmake:41 (include)
[0.065s]   /opt/ros/humble/share/rmw/cmake/ament_cmake_export_dependencies-extras.cmake:15 (find_package)
[0.065s]   /opt/ros/humble/share/rmw/cmake/rmwConfig.cmake:41 (include)
[0.065s]   CMakeLists.txt:13 (find_package)
[0.065s] 
[0.065s] [0m
[0.065s] -- Configuring incomplete, errors occurred!
[0.065s] See also "/home/atef/ROV 2024/colcon_ws/build/ros1_bridge/CMakeFiles/CMakeOutput.log".
[0.134s] Invoked command in '/home/atef/ROV 2024/colcon_ws/build/ros1_bridge' returned '1': CONDA_PROMPT_MODIFIER=(base) /usr/bin/cmake /home/atef/ROV 2024/colcon_ws/src/ros1_bridge -DCMAKE_INSTALL_PREFIX=/home/atef/ROV 2024/colcon_ws/install/ros1_bridge
